[WARN][jwt.go:87]2019/11/20 09:47:24 [Token过期]
[ERROR][jwt.go:62]2019/11/20 09:56:20 [Not found token in header]
[ERROR][jwt.go:62]2019/11/20 10:18:51 [Not found token in header]
[ERROR][jwt.go:62]2019/11/20 10:20:05 [Not found token in header]
[ERROR][jwt.go:62]2019/11/20 10:24:51 [Not found token in header]
[ERROR][jwt.go:62]2019/11/20 10:30:52 [Not found token in header]
[ERROR][jwt.go:62]2019/11/20 10:32:25 [Not found token in header]
[ERROR][jwt.go:62]2019/11/20 10:32:52 [Not found token in header]
[ERROR][jwt.go:64]2019/11/20 10:33:59 [Not found token in header]
[ERROR][jwt.go:64]2019/11/20 10:34:21 [Not found token in header]
[ERROR][jwt.go:64]2019/11/20 10:39:33 [Not found token in header]
[WARN][jwt.go:90]2019/11/20 12:07:30 [Token过期]
[ERROR][db.go:73]2019/11/20 14:18:38 [应用ID和KEY不匹配]
[WARN][jwt.go:88]2019/11/20 14:21:48 [Token过期]
[INFO][redis.go:31]2019/11/20 16:02:20 [PONG]
[ERROR][db.go:68]2019/11/20 16:03:10 [redis: nil]
[ERROR][db.go:68]2019/11/20 16:03:51 [redis: nil]
[INFO][redis.go:31]2019/11/20 16:04:09 [PONG]
[INFO][redis.go:31]2019/11/20 16:05:01 [Redis server is connected]
[ERROR][db.go:68]2019/11/20 16:05:21 [redis: nil]
[INFO][redis.go:31]2019/11/20 16:05:53 [Redis server is connected]
[ERROR][db.go:67]2019/11/20 16:06:42 [redis: nil]
[INFO][redis.go:31]2019/11/20 16:11:35 [Redis server is connected]
[INFO][redis.go:31]2019/11/20 16:13:16 [Redis server is connected]
[INFO][redis.go:31]2019/11/20 16:14:24 [Redis server is connected]
[INFO][redis.go:31]2019/11/20 16:14:50 [Redis server is connected]
[INFO][redis.go:30]2019/11/20 16:19:12 [Redis server is connected]
[INFO][redis.go:30]2019/11/20 16:20:01 [Redis server is connected]
[INFO][db.go:76]2019/11/20 16:20:33 [Key: 00f511cc-aa49-4f67-809a-4ce8c1bcbe5b-471a2b01-a017-4835-9a5d-a5ee6cfafae8 is existed.]
[INFO][redis.go:30]2019/11/20 16:21:29 [Redis server is connected]
[INFO][db.go:77]2019/11/20 16:21:35 [Key: IAM_APP_00f511cc-aa49-4f67-809a-4ce8c1bcbe5b-471a2b01-a017-4835-9a5d-a5ee6cfafae8 is existed.]
[INFO][redis.go:30]2019/11/20 16:44:47 [Redis server is connected]
[INFO][redis.go:30]2019/11/20 16:45:34 [Redis server is connected]
[INFO][redis.go:30]2019/11/20 16:46:09 [Redis server is connected]
[ERROR][db.go:77]2019/11/20 16:46:46 [redis: nil]
[ERROR][db.go:77]2019/11/20 16:47:17 [redis: nil]
[ERROR][db.go:77]2019/11/20 16:48:07 [redis: nil]
[ERROR][db.go:77]2019/11/20 16:49:05 [redis: nil]
[INFO][redis.go:30]2019/11/20 16:49:28 [Redis server is connected]
[INFO][redis.go:30]2019/11/20 16:51:50 [Redis server is connected]
[WARN][redis.go:47]2019/11/20 16:52:02 [操作失败]
[INFO][redis.go:30]2019/11/20 16:52:40 [Redis server is connected]
[WARN][redis.go:47]2019/11/20 16:52:49 [操作失败]
[WARN][redis.go:47]2019/11/20 16:54:10 [操作失败]
[INFO][redis.go:30]2019/11/20 16:54:35 [Redis server is connected]
[WARN][redis.go:47]2019/11/20 16:54:48 [操作失败]
[WARN][redis.go:47]2019/11/20 16:55:20 [操作失败]
[WARN][redis.go:47]2019/11/20 16:55:48 [操作失败]
[INFO][redis.go:30]2019/11/20 16:57:43 [Redis server is connected]
[WARN][redis.go:47]2019/11/20 16:57:56 [应用ID和KEY不匹配]
[WARN][redis.go:47]2019/11/20 16:58:49 [应用ID和KEY不匹配]
[WARN][redis.go:47]2019/11/20 16:59:36 [应用ID和KEY不匹配]
[INFO][redis.go:29]2019/11/20 17:04:24 [Redis server is connected]
[WARN][redis.go:46]2019/11/20 17:04:56 [Redis 数据获取失败]
[INFO][redis.go:27]2019/11/20 17:05:38 [Redis server is connected]
[WARN][redis.go:44]2019/11/20 17:05:52 [Redis 数据获取失败]
[INFO][db.go:80]2019/11/20 17:06:33 [Key: IAM_APP_00f511cc-aa49-4f67-809a-4ce8c1bcbe5b-471a2b01-a017-4835-9a5d-a5ee6cfafae8 is existed.]
[WARN][redis.go:44]2019/11/20 17:09:04 [Redis 数据获取失败]
[INFO][db.go:80]2019/11/20 17:09:42 [Key: IAM_APP_00f511cc-aa49-4f67-809a-4ce8c1bcbe5b-471a2b01-a017-4835-9a5d-a5ee6cfafae8 is existed.]
[INFO][redis.go:28]2019/11/20 17:10:42 [Redis server is connected]
[WARN][redis.go:44]2019/11/20 17:11:11 [Redis未获取到 key 为：IAM_APP_00f511cc-aa49-4f67-809a-4ce8c1bcbe5b-471a2b01-a017-4835-9a5d-a5ee6cfafae8数据]
[INFO][db.go:79]2019/11/20 17:11:45 [Key: IAM_APP_00f511cc-aa49-4f67-809a-4ce8c1bcbe5b-471a2b01-a017-4835-9a5d-a5ee6cfafae8 is existed.]
