[ERROR][request.go:10]2019/11/12 11:36:30 [IsActive.Range Range is 0 to 1]
[ERROR][request.go:10]2019/11/12 11:36:30 [LoginUrl.Required Can not be empty]
[INFO][msg.go:47]2019/11/12 14:57:20 [传入的字段名称: IsActive.Required]
[INFO][msg.go:48]2019/11/12 14:57:20 [传入的字段内容: 2]
[INFO][msg.go:49]2019/11/12 14:57:20 [传入的验证: 0xc00039e780]
[INFO][msg.go:50]2019/11/12 14:57:20 [验证当前字段是否提供]
[INFO][msg.go:47]2019/11/12 14:57:20 [传入的字段名称: Description.Required]
[INFO][msg.go:48]2019/11/12 14:57:20 [传入的字段内容: test create app]
[INFO][msg.go:49]2019/11/12 14:57:20 [传入的验证: 0xc00039e780]
[INFO][msg.go:50]2019/11/12 14:57:20 [验证当前字段是否提供]
[INFO][msg.go:47]2019/11/12 14:57:20 [传入的字段名称: IndexUrl.Required]
[INFO][msg.go:48]2019/11/12 14:57:20 [传入的字段内容: test index url]
[INFO][msg.go:49]2019/11/12 14:57:20 [传入的验证: 0xc00039e780]
[INFO][msg.go:50]2019/11/12 14:57:20 [验证当前字段是否提供]
[INFO][msg.go:47]2019/11/12 14:57:20 [传入的字段名称: LoginUrl.Required]
[INFO][msg.go:48]2019/11/12 14:57:20 [传入的字段内容: ]
[INFO][msg.go:49]2019/11/12 14:57:20 [传入的验证: 0xc00039e780]
[INFO][msg.go:50]2019/11/12 14:57:20 [验证当前字段是否提供]
[ERROR][request.go:12]2019/11/12 14:57:20 [IsActive.Range 范围在 0 至 1]
[INFO][msg.go:47]2019/11/12 14:58:10 [传入的字段名称: IsActive.Required]
[INFO][msg.go:48]2019/11/12 14:58:10 [传入的字段内容: 2]
[INFO][msg.go:49]2019/11/12 14:58:10 [传入的验证: 0xc000136e40]
[INFO][msg.go:50]2019/11/12 14:58:10 [验证当前字段是否提供]
[INFO][msg.go:47]2019/11/12 14:58:10 [传入的字段名称: Description.Required]
[INFO][msg.go:48]2019/11/12 14:58:10 [传入的字段内容: test create app]
[INFO][msg.go:49]2019/11/12 14:58:10 [传入的验证: 0xc000136e40]
[INFO][msg.go:50]2019/11/12 14:58:10 [验证当前字段是否提供]
[INFO][msg.go:47]2019/11/12 14:58:10 [传入的字段名称: IndexUrl.Required]
[INFO][msg.go:48]2019/11/12 14:58:10 [传入的字段内容: test index url]
[INFO][msg.go:49]2019/11/12 14:58:10 [传入的验证: 0xc000136e40]
[INFO][msg.go:50]2019/11/12 14:58:10 [验证当前字段是否提供]
[INFO][msg.go:47]2019/11/12 14:58:10 [传入的字段名称: LoginUrl.Required]
[INFO][msg.go:48]2019/11/12 14:58:10 [传入的字段内容: ]
[INFO][msg.go:49]2019/11/12 14:58:10 [传入的验证: 0xc000136e40]
[INFO][msg.go:50]2019/11/12 14:58:10 [验证当前字段是否提供]
[ERROR][request.go:12]2019/11/12 14:58:20 [IsActive.Range 范围在 0 至 1]
[INFO][msg.go:47]2019/11/12 14:58:43 [传入的字段名称: IsActive.Required]
[INFO][msg.go:48]2019/11/12 14:58:43 [传入的字段内容: 2]
[INFO][msg.go:49]2019/11/12 14:58:43 [传入的验证: 0xc0000b1890]
[INFO][msg.go:50]2019/11/12 14:58:43 [验证当前字段是否提供]
[INFO][msg.go:47]2019/11/12 14:58:43 [传入的字段名称: Description.Required]
[INFO][msg.go:48]2019/11/12 14:58:43 [传入的字段内容: test create app]
[INFO][msg.go:49]2019/11/12 14:58:43 [传入的验证: 0xc0000b1890]
[INFO][msg.go:50]2019/11/12 14:58:43 [验证当前字段是否提供]
[INFO][msg.go:47]2019/11/12 14:58:43 [传入的字段名称: IndexUrl.Required]
[INFO][msg.go:48]2019/11/12 14:58:43 [传入的字段内容: test index url]
[INFO][msg.go:49]2019/11/12 14:58:43 [传入的验证: 0xc0000b1890]
[INFO][msg.go:50]2019/11/12 14:58:43 [验证当前字段是否提供]
[INFO][msg.go:47]2019/11/12 14:58:43 [传入的字段名称: LoginUrl.Required]
[INFO][msg.go:48]2019/11/12 14:58:43 [传入的字段内容: ]
[INFO][msg.go:49]2019/11/12 14:58:43 [传入的验证: 0xc0000b1890]
[INFO][msg.go:50]2019/11/12 14:58:43 [验证当前字段是否提供]
[ERROR][request.go:12]2019/11/12 14:58:44 [IsActive.Range 范围在 0 至 1]
[INFO][msg.go:47]2019/11/12 15:00:09 [传入的字段名称: IsActive.Required]
[INFO][msg.go:48]2019/11/12 15:00:09 [传入的字段内容: 2]
[INFO][msg.go:49]2019/11/12 15:00:09 [传入的验证: 0xc000136f00]
[INFO][msg.go:50]2019/11/12 15:00:09 [验证当前字段是否提供]
[INFO][msg.go:47]2019/11/12 15:00:09 [传入的字段名称: Description.Required]
[INFO][msg.go:48]2019/11/12 15:00:09 [传入的字段内容: test create app]
[INFO][msg.go:49]2019/11/12 15:00:09 [传入的验证: 0xc000136f00]
[INFO][msg.go:50]2019/11/12 15:00:09 [验证当前字段是否提供]
[INFO][msg.go:47]2019/11/12 15:00:09 [传入的字段名称: IndexUrl.Required]
[INFO][msg.go:48]2019/11/12 15:00:09 [传入的字段内容: test index url]
[INFO][msg.go:49]2019/11/12 15:00:09 [传入的验证: 0xc000136f00]
[INFO][msg.go:50]2019/11/12 15:00:09 [验证当前字段是否提供]
[INFO][msg.go:47]2019/11/12 15:00:09 [传入的字段名称: LoginUrl.Required]
[INFO][msg.go:48]2019/11/12 15:00:09 [传入的字段内容: ]
[INFO][msg.go:49]2019/11/12 15:00:09 [传入的验证: 0xc000136f00]
[INFO][msg.go:50]2019/11/12 15:00:09 [验证当前字段是否提供]
[ERROR][request.go:12]2019/11/12 15:00:12 [IsActive.Range 范围在 0 至 1]
[INFO][msg.go:47]2019/11/12 15:01:38 [传入的字段名称: IsActive.Required]
[INFO][msg.go:48]2019/11/12 15:01:38 [传入的字段内容: 2]
[INFO][msg.go:49]2019/11/12 15:01:38 [传入的验证: 0xc0003826c0]
[INFO][msg.go:50]2019/11/12 15:01:38 [验证当前字段是否提供]
[INFO][msg.go:47]2019/11/12 15:01:38 [传入的字段名称: Description.Required]
[INFO][msg.go:48]2019/11/12 15:01:38 [传入的字段内容: test create app]
[INFO][msg.go:49]2019/11/12 15:01:38 [传入的验证: 0xc0003826c0]
[INFO][msg.go:50]2019/11/12 15:01:38 [验证当前字段是否提供]
[INFO][msg.go:47]2019/11/12 15:01:38 [传入的字段名称: IndexUrl.Required]
[INFO][msg.go:48]2019/11/12 15:01:38 [传入的字段内容: test index url]
[INFO][msg.go:49]2019/11/12 15:01:38 [传入的验证: 0xc0003826c0]
[INFO][msg.go:50]2019/11/12 15:01:38 [验证当前字段是否提供]
[INFO][msg.go:47]2019/11/12 15:01:38 [传入的字段名称: LoginUrl.Required]
[INFO][msg.go:48]2019/11/12 15:01:38 [传入的字段内容: ]
[INFO][msg.go:49]2019/11/12 15:01:38 [传入的验证: 0xc0003826c0]
[INFO][msg.go:50]2019/11/12 15:01:38 [验证当前字段是否提供]
[ERROR][request.go:11]2019/11/12 15:01:39 [IsActive.Range 范围在 0 至 1]
[INFO][msg.go:47]2019/11/12 15:01:52 [传入的字段名称: IsActive.Required]
[INFO][msg.go:48]2019/11/12 15:01:52 [传入的字段内容: 2]
[INFO][msg.go:49]2019/11/12 15:01:52 [传入的验证: 0xc000383080]
[INFO][msg.go:50]2019/11/12 15:01:52 [验证当前字段是否提供]
[INFO][msg.go:47]2019/11/12 15:01:52 [传入的字段名称: Description.Required]
[INFO][msg.go:48]2019/11/12 15:01:52 [传入的字段内容: test create app]
[INFO][msg.go:49]2019/11/12 15:01:52 [传入的验证: 0xc000383080]
[INFO][msg.go:50]2019/11/12 15:01:52 [验证当前字段是否提供]
[INFO][msg.go:47]2019/11/12 15:01:52 [传入的字段名称: IndexUrl.Required]
[INFO][msg.go:48]2019/11/12 15:01:52 [传入的字段内容: test index url]
[INFO][msg.go:49]2019/11/12 15:01:52 [传入的验证: 0xc000383080]
[INFO][msg.go:50]2019/11/12 15:01:52 [验证当前字段是否提供]
[INFO][msg.go:47]2019/11/12 15:01:52 [传入的字段名称: LoginUrl.Required]
[INFO][msg.go:48]2019/11/12 15:01:52 [传入的字段内容: ]
[INFO][msg.go:49]2019/11/12 15:01:52 [传入的验证: 0xc000383080]
[INFO][msg.go:50]2019/11/12 15:01:52 [验证当前字段是否提供]
[ERROR][request.go:11]2019/11/12 15:01:52 [IsActive.Range 范围在 0 至 1]
[ERROR][request.go:11]2019/11/12 15:02:45 [IsActive.Range 范围在 0 至 1]
[ERROR][request.go:11]2019/11/12 15:02:45 [LoginUrl.Required 不能为空]
[ERROR][request.go:11]2019/11/12 15:02:55 [IsActive.Range 范围在 0 至 1]
[ERROR][request.go:11]2019/11/12 15:02:55 [LoginUrl.Required 不能为空]
[ERROR][request.go:11]2019/11/12 15:04:01 [IsActive 范围在 0 至 1]
[ERROR][request.go:11]2019/11/12 15:04:01 [LoginUrl 不能为空]
[ERROR][request.go:12]2019/11/12 15:09:54 [Name 不能为空]
[ERROR][request.go:13]2019/11/12 15:10:08 [{Name  string form:"name" json:"name" valid:"Required;MaxSize(100)" 0 [0] false} true]
[ERROR][request.go:12]2019/11/12 15:10:09 [IsActive 范围在 0 至 1]
[ERROR][request.go:13]2019/11/12 15:10:11 [{IsActive  int form:"is_active" json:"is_active" valid:"Required;Range(0,1)" 16 [1] false} true]
[ERROR][request.go:12]2019/11/12 15:10:11 [LoginUrl 不能为空]
[ERROR][request.go:13]2019/11/12 15:10:12 [{LoginUrl  string form:"login_url" json:"login_url" valid:"Required;MaxSize(255)" 56 [4] false} true]
[ERROR][request.go:12]2019/11/12 15:12:27 [Name 不能为空]
[ERROR][request.go:13]2019/11/12 15:12:43 [{Name  string form:"name" json:"name" valid:"Required;MaxSize(100)" 0 [0] false} true]
[ERROR][request.go:12]2019/11/12 15:12:44 [IsActive 范围在 0 至 1]
[ERROR][request.go:13]2019/11/12 15:12:48 [{IsActive  int form:"is_active" json:"is_active" valid:"Required;Range(0,1)" 16 [1] false} true]
[ERROR][request.go:12]2019/11/12 15:12:49 [LoginUrl 不能为空]
[ERROR][request.go:13]2019/11/12 15:12:52 [{LoginUrl  string form:"login_url" json:"login_url" valid:"Required;MaxSize(255)" 56 [4] false} true]
[ERROR][request.go:12]2019/11/12 15:13:22 [Name 不能为空]
[ERROR][request.go:12]2019/11/12 15:15:44 [Name 不能为空]
[ERROR][request.go:15]2019/11/12 15:15:55 [name]
[ERROR][request.go:12]2019/11/12 15:15:56 [IsActive 范围在 0 至 1]
[ERROR][request.go:15]2019/11/12 15:15:58 [is_active]
[ERROR][request.go:12]2019/11/12 15:15:58 [LoginUrl 不能为空]
[ERROR][request.go:15]2019/11/12 15:15:59 [login_url]
[ERROR][request.go:15]2019/11/12 15:17:14 [name 不能为空]
[ERROR][request.go:15]2019/11/12 15:17:14 [is_active 范围在 0 至 1]
[ERROR][request.go:15]2019/11/12 15:17:14 [login_url 不能为空]
[ERROR][request.go:15]2019/11/12 15:17:28 [name 不能为空]
[ERROR][request.go:15]2019/11/12 15:17:28 [is_active 范围在 0 至 1]
[ERROR][request.go:15]2019/11/12 15:17:28 [login_url 不能为空]
[ERROR][request.go:15]2019/11/12 15:18:00 [name 不能为空]
[ERROR][request.go:15]2019/11/12 15:18:00 [is_active 范围在 0 至 1]
[ERROR][request.go:15]2019/11/12 15:18:20 [name 不能为空]
[ERROR][request.go:15]2019/11/12 15:18:20 [is_active 范围在 0 至 1]
[ERROR][request.go:15]2019/11/12 15:18:20 [login_url 不能为空]
[ERROR][request.go:15]2019/11/12 15:19:37 [name 必须存在或不能为空]
[ERROR][request.go:15]2019/11/12 15:19:37 [is_active 范围为: 0 - 1]
[ERROR][request.go:15]2019/11/12 15:19:37 [login_url 必须存在或不能为空]
[ERROR][request.go:15]2019/11/12 15:21:16 [name 必须存在且不能为空]
[ERROR][request.go:15]2019/11/12 15:21:16 [is_active 范围为: 0 - 1]
[ERROR][request.go:15]2019/11/12 15:21:16 [login_url 必须存在且不能为空]
[ERROR][request.go:15]2019/11/12 15:22:35 [is_active 范围为: 0 - 1]
[ERROR][request.go:15]2019/11/12 15:22:44 [is_active 范围为: 0 - 1]
